<?xml version="1.0" encoding="UTF-8"?>
<testsuite xmlns:xsi="http://www.w3.org/2001/XMLSchema-instance" xsi:noNamespaceSchemaLocation="https://maven.apache.org/surefire/maven-surefire-plugin/xsd/surefire-test-report-3.0.xsd" version="3.0" name="com.mycompany.librarymain.LibraryMainNGTest" time="0.712" tests="1" errors="0" skipped="0" failures="0">
  <properties>
    <property name="java.specification.version" value="24"/>
    <property name="sun.cpu.isalist" value="amd64"/>
    <property name="sun.jnu.encoding" value="Cp1252"/>
    <property name="java.class.path" value="C:\Users\jerem\OneDrive\Documents\NetBeansProjects\LibraryMain\target\test-classes;C:\Users\jerem\OneDrive\Documents\NetBeansProjects\LibraryMain\target\classes;C:\Users\jerem\.m2\repository\org\testng\testng\6.8.1\testng-6.8.1.jar;C:\Users\jerem\.m2\repository\junit\junit\4.10\junit-4.10.jar;C:\Users\jerem\.m2\repository\org\hamcrest\hamcrest-core\1.1\hamcrest-core-1.1.jar;C:\Users\jerem\.m2\repository\org\beanshell\bsh\2.0b4\bsh-2.0b4.jar;C:\Users\jerem\.m2\repository\com\beust\jcommander\1.27\jcommander-1.27.jar;C:\Users\jerem\.m2\repository\org\yaml\snakeyaml\1.6\snakeyaml-1.6.jar;"/>
    <property name="java.vm.vendor" value="Oracle Corporation"/>
    <property name="sun.arch.data.model" value="64"/>
    <property name="user.variant" value=""/>
    <property name="java.vendor.url" value="https://java.oracle.com/"/>
    <property name="user.timezone" value="Africa/Johannesburg"/>
    <property name="os.name" value="Windows 11"/>
    <property name="java.vm.specification.version" value="24"/>
    <property name="user.country" value="US"/>
    <property name="sun.java.launcher" value="SUN_STANDARD"/>
    <property name="sun.boot.library.path" value="C:\Program Files\Java\jdk-24\bin"/>
    <property name="sun.java.command" value="C:\Users\jerem\AppData\Local\Temp\surefire9948641120942041070\surefirebooter-20250904130137995_3.jar C:\Users\jerem\AppData\Local\Temp\surefire9948641120942041070 2025-09-04T13-01-37_742-jvmRun1 surefire-20250904130137995_1tmp surefire_0-20250904130137995_2tmp"/>
    <property name="jdk.debug" value="release"/>
    <property name="test" value="com.mycompany.librarymain.LibraryMainNGTest#testSomeMethod"/>
    <property name="surefire.test.class.path" value="C:\Users\jerem\OneDrive\Documents\NetBeansProjects\LibraryMain\target\test-classes;C:\Users\jerem\OneDrive\Documents\NetBeansProjects\LibraryMain\target\classes;C:\Users\jerem\.m2\repository\org\testng\testng\6.8.1\testng-6.8.1.jar;C:\Users\jerem\.m2\repository\junit\junit\4.10\junit-4.10.jar;C:\Users\jerem\.m2\repository\org\hamcrest\hamcrest-core\1.1\hamcrest-core-1.1.jar;C:\Users\jerem\.m2\repository\org\beanshell\bsh\2.0b4\bsh-2.0b4.jar;C:\Users\jerem\.m2\repository\com\beust\jcommander\1.27\jcommander-1.27.jar;C:\Users\jerem\.m2\repository\org\yaml\snakeyaml\1.6\snakeyaml-1.6.jar;"/>
    <property name="sun.cpu.endian" value="little"/>
    <property name="user.home" value="C:\Users\jerem"/>
    <property name="user.language" value="en"/>
    <property name="java.specification.vendor" value="Oracle Corporation"/>
    <property name="java.version.date" value="2025-04-15"/>
    <property name="java.home" value="C:\Program Files\Java\jdk-24"/>
    <property name="file.separator" value="\"/>
    <property name="basedir" value="C:\Users\jerem\OneDrive\Documents\NetBeansProjects\LibraryMain"/>
    <property name="java.vm.compressedOopsMode" value="Zero based"/>
    <property name="line.separator" value="&#10;"/>
    <property name="java.vm.specification.vendor" value="Oracle Corporation"/>
    <property name="java.specification.name" value="Java Platform API Specification"/>
    <property name="surefire.real.class.path" value="C:\Users\jerem\AppData\Local\Temp\surefire9948641120942041070\surefirebooter-20250904130137995_3.jar"/>
    <property name="user.script" value=""/>
    <property name="sun.management.compiler" value="HotSpot 64-Bit Tiered Compilers"/>
    <property name="java.runtime.version" value="24.0.1+9-30"/>
    <property name="user.name" value="jerem"/>
    <property name="stdout.encoding" value="Cp1252"/>
    <property name="path.separator" value=";"/>
    <property name="os.version" value="10.0"/>
    <property name="java.runtime.name" value="Java(TM) SE Runtime Environment"/>
    <property name="file.encoding" value="UTF-8"/>
    <property name="java.vm.name" value="Java HotSpot(TM) 64-Bit Server VM"/>
    <property name="maven.ext.class.path" value="C:\Program Files\NetBeans-25\netbeans\java\maven-nblib\netbeans-eventspy.jar"/>
    <property name="localRepository" value="C:\Users\jerem\.m2\repository"/>
    <property name="java.vendor.url.bug" value="https://bugreport.java.com/bugreport/"/>
    <property name="java.io.tmpdir" value="C:\Users\jerem\AppData\Local\Temp\"/>
    <property name="java.version" value="24.0.1"/>
    <property name="user.dir" value="C:\Users\jerem\OneDrive\Documents\NetBeansProjects\LibraryMain"/>
    <property name="os.arch" value="amd64"/>
    <property name="java.vm.specification.name" value="Java Virtual Machine Specification"/>
    <property name="sun.os.patch.level" value=""/>
    <property name="native.encoding" value="Cp1252"/>
    <property name="java.library.path" value="C:\Program Files\Java\jdk-24\bin;C:\WINDOWS\Sun\Java\bin;C:\WINDOWS\system32;C:\WINDOWS;C:\Program Files\Common Files\Oracle\Java\javapath;C:\WINDOWS\system32;C:\WINDOWS;C:\WINDOWS\System32\Wbem;C:\WINDOWS\System32\WindowsPowerShell\v1.0\;C:\WINDOWS\System32\OpenSSH\;C:\Program Files\dotnet\;C:\Users\jerem\AppData\Local\Microsoft\WindowsApps;C:\Users\jerem\AppData\Local\JetBrains\Toolbox\scripts;C:\Users\jerem\AppData\Local\GitHubDesktop\bin;C:\Users\jerem\.dotnet\tools;C:\Users\jerem\AppData\Local\Programs\Microsoft VS Code\bin;."/>
    <property name="java.vm.info" value="mixed mode, sharing"/>
    <property name="stderr.encoding" value="Cp1252"/>
    <property name="java.vendor" value="Oracle Corporation"/>
    <property name="java.vm.version" value="24.0.1+9-30"/>
    <property name="sun.io.unicode.encoding" value="UnicodeLittle"/>
    <property name="java.class.version" value="68.0"/>
  </properties>
  <testcase name="testSomeMethod" classname="com.mycompany.librarymain.LibraryMainNGTest" time="0.011"/>
</testsuite>