<?xml version="1.0" encoding="UTF-8"?>
<!-- Generated by org.testng.reporters.JUnitReportReporter -->
<testsuite hostname="DESKTOP-9OLRQAB" failures="0" tests="1" name="com.mycompany.librarymain.LibraryMainNGTest" time="0.013" errors="0" timestamp="4 Sep 2025 11:01:39 GMT">
  <testcase classname="com.mycompany.librarymain.LibraryMainNGTest" name="testSomeMethod" time="0.013"/>
</testsuite> <!-- com.mycompany.librarymain.LibraryMainNGTest -->
